\BOOKMARK [1][-]{section.1}{Introduction}{}% 1
\BOOKMARK [1][-]{section.2}{The Hyperedge Event Model}{}% 2
\BOOKMARK [2][-]{subsection.2.1}{Candidate Receivers}{section.2}% 3
\BOOKMARK [2][-]{subsection.2.2}{Candidate Timestamps}{section.2}% 4
\BOOKMARK [2][-]{subsection.2.3}{Senders, Receivers, and Timestamps}{section.2}% 5
\BOOKMARK [1][-]{section.3}{Posterior Inference}{}% 6
\BOOKMARK [2][-]{subsection.3.1}{Conditional Posteriors}{section.3}% 7
\BOOKMARK [3][-]{section*.2}{Candidate Receivers}{subsection.3.1}% 8
\BOOKMARK [3][-]{section*.3}{Coefficients for edge covariates}{subsection.3.1}% 9
\BOOKMARK [3][-]{section*.4}{Coefficients for timestamp covariates}{subsection.3.1}% 10
\BOOKMARK [2][-]{subsection.3.2}{Getting It Right \(GiR\) Test}{section.3}% 11
\BOOKMARK [1][-]{section.4}{Application to Email Data}{}% 12
\BOOKMARK [2][-]{subsection.4.1}{Covariates}{section.4}% 13
\BOOKMARK [3][-]{section*.6}{Edge covariates}{subsection.4.1}% 14
\BOOKMARK [3][-]{section*.8}{Timestamp covariates}{subsection.4.1}% 15
\BOOKMARK [2][-]{subsection.4.2}{Model Selection}{section.4}% 16
\BOOKMARK [2][-]{subsection.4.3}{Posterior Predictive Checks}{section.4}% 17
\BOOKMARK [2][-]{subsection.4.4}{Exploratory Analysis}{section.4}% 18
\BOOKMARK [3][-]{section*.11}{Coefficients for edge covariates}{subsection.4.4}% 19
\BOOKMARK [3][-]{section*.13}{Coefficients for timestamp covariates}{subsection.4.4}% 20
\BOOKMARK [1][-]{section.5}{Conclusion}{}% 21
\BOOKMARK [1][-]{section*.16}{Appendix}{}% 22
\BOOKMARK [1][-]{section*.24}{Supplementary Material}{}% 23
\BOOKMARK [1][-]{section*.26}{References}{}% 24
