This is pdfTeX, Version 3.14159265-2.6-1.40.16 (TeX Live 2015) (preloaded format=pdflatex 2015.5.24)  16 MAY 2018 18:52
entering extended mode
 restricted \write18 enabled.
 %&-line parsing enabled.
**paper.tex
(./paper.tex
LaTeX2e <2015/01/01>
Babel <3.9l> and hyphenation patterns for 79 languages loaded.
(/usr/local/texlive/2015/texmf-dist/tex/latex/base/article.cls
Document Class: article 2014/09/29 v1.4h Standard LaTeX document class
(/usr/local/texlive/2015/texmf-dist/tex/latex/base/size12.clo
File: size12.clo 2014/09/29 v1.4h Standard LaTeX file (size option)
)
\c@part=\count79
\c@section=\count80
\c@subsection=\count81
\c@subsubsection=\count82
\c@paragraph=\count83
\c@subparagraph=\count84
\c@figure=\count85
\c@table=\count86
\abovecaptionskip=\skip41
\belowcaptionskip=\skip42
\bibindent=\dimen102
)
(/usr/local/texlive/2015/texmf-dist/tex/latex/amsmath/amsmath.sty
Package: amsmath 2013/01/14 v2.14 AMS math features
\@mathmargin=\skip43

For additional information on amsmath, use the `?' option.
(/usr/local/texlive/2015/texmf-dist/tex/latex/amsmath/amstext.sty
Package: amstext 2000/06/29 v2.01

(/usr/local/texlive/2015/texmf-dist/tex/latex/amsmath/amsgen.sty
File: amsgen.sty 1999/11/30 v2.0
\@emptytoks=\toks14
\ex@=\dimen103
))
(/usr/local/texlive/2015/texmf-dist/tex/latex/amsmath/amsbsy.sty
Package: amsbsy 1999/11/29 v1.2d
\pmbraise@=\dimen104
)
(/usr/local/texlive/2015/texmf-dist/tex/latex/amsmath/amsopn.sty
Package: amsopn 1999/12/14 v2.01 operator names
)
\inf@bad=\count87
LaTeX Info: Redefining \frac on input line 210.
\uproot@=\count88
\leftroot@=\count89
LaTeX Info: Redefining \overline on input line 306.
\classnum@=\count90
\DOTSCASE@=\count91
LaTeX Info: Redefining \ldots on input line 378.
LaTeX Info: Redefining \dots on input line 381.
LaTeX Info: Redefining \cdots on input line 466.
\Mathstrutbox@=\box26
\strutbox@=\box27
\big@size=\dimen105
LaTeX Font Info:    Redeclaring font encoding OML on input line 566.
LaTeX Font Info:    Redeclaring font encoding OMS on input line 567.
\macc@depth=\count92
\c@MaxMatrixCols=\count93
\dotsspace@=\muskip10
\c@parentequation=\count94
\dspbrk@lvl=\count95
\tag@help=\toks15
\row@=\count96
\column@=\count97
\maxfields@=\count98
\andhelp@=\toks16
\eqnshift@=\dimen106
\alignsep@=\dimen107
\tagshift@=\dimen108
\tagwidth@=\dimen109
\totwidth@=\dimen110
\lineht@=\dimen111
\@envbody=\toks17
\multlinegap=\skip44
\multlinetaggap=\skip45
\mathdisplay@stack=\toks18
LaTeX Info: Redefining \[ on input line 2665.
LaTeX Info: Redefining \] on input line 2666.
)
(/usr/local/texlive/2015/texmf-dist/tex/latex/tools/bm.sty
Package: bm 2014/10/28 v1.1c Bold Symbol Support (DPC/FMi)
\symboldoperators=\mathgroup4
\symboldletters=\mathgroup5
\symboldsymbols=\mathgroup6
LaTeX Font Info:    Redeclaring math alphabet \mathbf on input line 141.
LaTeX Info: Redefining \bm on input line 207.
)
(/usr/local/texlive/2015/texmf-dist/tex/latex/graphics/graphicx.sty
Package: graphicx 2014/10/28 v1.0g Enhanced LaTeX Graphics (DPC,SPQR)

(/usr/local/texlive/2015/texmf-dist/tex/latex/graphics/keyval.sty
Package: keyval 2014/10/28 v1.15 key=value parser (DPC)
\KV@toks@=\toks19
)
(/usr/local/texlive/2015/texmf-dist/tex/latex/graphics/graphics.sty
Package: graphics 2014/10/28 v1.0p Standard LaTeX Graphics (DPC,SPQR)

(/usr/local/texlive/2015/texmf-dist/tex/latex/graphics/trig.sty
Package: trig 1999/03/16 v1.09 sin cos tan (DPC)
)
(/usr/local/texlive/2015/texmf-dist/tex/latex/latexconfig/graphics.cfg
File: graphics.cfg 2010/04/23 v1.9 graphics configuration of TeX Live
)
Package graphics Info: Driver file: pdftex.def on input line 94.

(/usr/local/texlive/2015/texmf-dist/tex/latex/pdftex-def/pdftex.def
File: pdftex.def 2011/05/27 v0.06d Graphics/color for pdfTeX

(/usr/local/texlive/2015/texmf-dist/tex/generic/oberdiek/infwarerr.sty
Package: infwarerr 2010/04/08 v1.3 Providing info/warning/error messages (HO)
)
(/usr/local/texlive/2015/texmf-dist/tex/generic/oberdiek/ltxcmds.sty
Package: ltxcmds 2011/11/09 v1.22 LaTeX kernel commands for general use (HO)
)
\Gread@gobject=\count99
))
\Gin@req@height=\dimen112
\Gin@req@width=\dimen113
)
(/usr/local/texlive/2015/texmf-dist/tex/latex/psfrag/psfrag.sty
Package: psfrag 1998/04/11 v3.04 PSfrag (MCG)
\pfg@pcount=\count100
\pfg@scount=\count101
\pfg@temp=\write3
)
(/usr/local/texlive/2015/texmf-dist/tex/generic/epsf/epsf.sty
This is `epsf.tex' v2.7.4 <14 February 2011>
\epsffilein=\read1
\epsfframemargin=\dimen114
\epsfframethickness=\dimen115
\epsfrsize=\dimen116
\epsftmp=\dimen117
\epsftsize=\dimen118
\epsfxsize=\dimen119
\epsfysize=\dimen120
\pspoints=\dimen121
) (/usr/local/texlive/2015/texmf-dist/tex/latex/tools/enumerate.sty
Package: enumerate 2014/10/28 v3.00 enumerate extensions (DPC)
\@enLab=\toks20
)
(./natbib.sty
Package: natbib 1998/07/14 6.8c (PWD)
\bibhang=\skip46
\bibsep=\skip47
LaTeX Info: Redefining \cite on input line 467.
\c@NAT@ctr=\count102
) (/usr/local/texlive/2015/texmf-dist/tex/latex/url/url.sty
\Urlmuskip=\muskip11
Package: url 2013/09/16  ver 3.4  Verb mode for urls, etc.
)
(/usr/local/texlive/2015/texmf-dist/tex/latex/algorithm2e/algorithm2e.sty
Package: algorithm2e 2013/01/06 v5.00 algorithms environments
\c@AlgoLine=\count103

(/usr/local/texlive/2015/texmf-dist/tex/latex/base/ifthen.sty
Package: ifthen 2014/09/29 v1.1c Standard LaTeX ifthen package (DPC)
)
(/usr/local/texlive/2015/texmf-dist/tex/latex/tools/xspace.sty
Package: xspace 2014/10/28 v1.13 Space after command names (DPC,MH)
)
(/usr/local/texlive/2015/texmf-dist/tex/latex/relsize/relsize.sty
Package: relsize 2013/03/29 ver 4.1
)
********************************************************
Package `algorithm2e' Release 5.0 -- january 06 2013 --
- algorithm2e-announce@lirmm.fr mailing list for announcement about releases
- algorithm2e-discussion@lirmm.fr mailing list for discussion about package
subscribe by emailing sympa@lirmm.fr with 'subscribe <list> <firstname name>'
- Author: Christophe Fiorio (cfiorio@um2.fr)
********************************************************
\skiptotal=\skip48
\skiplinenumber=\skip49
\skiprule=\skip50
\skiphlne=\skip51
\skiptext=\skip52
\skiplength=\skip53
\algomargin=\skip54
\skipalgocfslide=\skip55
\algowidth=\dimen122
\inoutsize=\dimen123
\inoutindent=\dimen124
\interspacetitleruled=\dimen125
\interspacealgoruled=\dimen126
\interspacetitleboxruled=\dimen127
\algocf@inoutbox=\box28
\algocf@inputbox=\box29
\AlCapSkip=\skip56
\AlCapHSkip=\skip57
\algoskipindent=\skip58
\algocf@nlbox=\box30
\algocf@hangingbox=\box31
\algocf@untilbox=\box32
\algocf@skipuntil=\skip59
\algocf@capbox=\box33
\algoheightruledefault=\skip60
\algoheightrule=\skip61
\algotitleheightruledefault=\skip62
\algotitleheightrule=\skip63
\c@algocfline=\count104
\c@algocfproc=\count105
\c@algocf=\count106
\algocf@algoframe=\box34
\algocf@algobox=\box35
) (/usr/local/texlive/2015/texmf-dist/tex/latex/algorithms/algorithmic.sty
Package: algorithmic 2009/08/24 v0.1 Document Style `algorithmic'
\c@ALC@unique=\count107
\c@ALC@line=\count108
\c@ALC@rem=\count109
\c@ALC@depth=\count110
\ALC@tlm=\skip64
\algorithmicindent=\skip65
)
(/usr/local/texlive/2015/texmf-dist/tex/latex/algorithms/algorithm.sty
Package: algorithm 2009/08/24 v0.1 Document Style `algorithm' - floating enviro
nment

(/usr/local/texlive/2015/texmf-dist/tex/latex/float/float.sty
Package: float 2001/11/08 v1.3d Float enhancements (AL)
\c@float@type=\count111
\float@exts=\toks21
\float@box=\box36
\@float@everytoks=\toks22
\@floatcapt=\box37
)
\@float@every@algorithm=\toks23
\c@algorithm=\count112
)
(/usr/local/texlive/2015/texmf-dist/tex/latex/mathtools/mathtools.sty
Package: mathtools 2015/05/11 v1.16 mathematical typesetting tools

(/usr/local/texlive/2015/texmf-dist/tex/latex/tools/calc.sty
Package: calc 2014/10/28 v4.3 Infix arithmetic (KKT,FJ)
\calc@Acount=\count113
\calc@Bcount=\count114
\calc@Adimen=\dimen128
\calc@Bdimen=\dimen129
\calc@Askip=\skip66
\calc@Bskip=\skip67
LaTeX Info: Redefining \setlength on input line 80.
LaTeX Info: Redefining \addtolength on input line 81.
\calc@Ccount=\count115
\calc@Cskip=\skip68
)
(/usr/local/texlive/2015/texmf-dist/tex/latex/mathtools/mhsetup.sty
Package: mhsetup 2010/01/21 v1.2a programming setup (MH)
)
LaTeX Info: Thecontrolsequence`\('isalreadyrobust on input line 129.
LaTeX Info: Thecontrolsequence`\)'isalreadyrobust on input line 129.
LaTeX Info: Thecontrolsequence`\['isalreadyrobust on input line 129.
LaTeX Info: Thecontrolsequence`\]'isalreadyrobust on input line 129.
\g_MT_multlinerow_int=\count116
\l_MT_multwidth_dim=\dimen130
\origjot=\skip69
\l_MT_shortvdotswithinadjustabove_dim=\dimen131
\l_MT_shortvdotswithinadjustbelow_dim=\dimen132
\l_MT_above_intertext_sep=\dimen133
\l_MT_below_intertext_sep=\dimen134
\l_MT_above_shortintertext_sep=\dimen135
\l_MT_below_shortintertext_sep=\dimen136
)
(/usr/local/texlive/2015/texmf-dist/tex/latex/appendix/appendix.sty
Package: appendix 2009/09/02 v1.2b extra appendix facilities
\c@@pps=\count117
\c@@ppsavesec=\count118
\c@@ppsaveapp=\count119
)
(./paper.aux)
\openout1 = `paper.aux'.

LaTeX Font Info:    Checking defaults for OML/cmm/m/it on input line 25.
LaTeX Font Info:    ... okay on input line 25.
LaTeX Font Info:    Checking defaults for T1/cmr/m/n on input line 25.
LaTeX Font Info:    ... okay on input line 25.
LaTeX Font Info:    Checking defaults for OT1/cmr/m/n on input line 25.
LaTeX Font Info:    ... okay on input line 25.
LaTeX Font Info:    Checking defaults for OMS/cmsy/m/n on input line 25.
LaTeX Font Info:    ... okay on input line 25.
LaTeX Font Info:    Checking defaults for OMX/cmex/m/n on input line 25.
LaTeX Font Info:    ... okay on input line 25.
LaTeX Font Info:    Checking defaults for U/cmr/m/n on input line 25.
LaTeX Font Info:    ... okay on input line 25.

(/usr/local/texlive/2015/texmf-dist/tex/context/base/supp-pdf.mkii
[Loading MPS to PDF converter (version 2006.09.02).]
\scratchcounter=\count120
\scratchdimen=\dimen137
\scratchbox=\box38
\nofMPsegments=\count121
\nofMParguments=\count122
\everyMPshowfont=\toks24
\MPscratchCnt=\count123
\MPscratchDim=\dimen138
\MPnumerator=\count124
\makeMPintoPDFobject=\count125
\everyMPtoPDFconversion=\toks25
) (/usr/local/texlive/2015/texmf-dist/tex/generic/oberdiek/pdftexcmds.sty
Package: pdftexcmds 2011/11/29 v0.20 Utility functions of pdfTeX for LuaTeX (HO
)

(/usr/local/texlive/2015/texmf-dist/tex/generic/oberdiek/ifluatex.sty
Package: ifluatex 2010/03/01 v1.3 Provides the ifluatex switch (HO)
Package ifluatex Info: LuaTeX not detected.
)
(/usr/local/texlive/2015/texmf-dist/tex/generic/oberdiek/ifpdf.sty
Package: ifpdf 2011/01/30 v2.3 Provides the ifpdf switch (HO)
Package ifpdf Info: pdfTeX in PDF mode is detected.
)
Package pdftexcmds Info: LuaTeX not detected.
Package pdftexcmds Info: \pdf@primitive is available.
Package pdftexcmds Info: \pdf@ifprimitive is available.
Package pdftexcmds Info: \pdfdraftmode found.
)
(/usr/local/texlive/2015/texmf-dist/tex/latex/oberdiek/epstopdf-base.sty
Package: epstopdf-base 2010/02/09 v2.5 Base part for package epstopdf

(/usr/local/texlive/2015/texmf-dist/tex/latex/oberdiek/grfext.sty
Package: grfext 2010/08/19 v1.1 Manage graphics extensions (HO)

(/usr/local/texlive/2015/texmf-dist/tex/generic/oberdiek/kvdefinekeys.sty
Package: kvdefinekeys 2011/04/07 v1.3 Define keys (HO)
))
(/usr/local/texlive/2015/texmf-dist/tex/latex/oberdiek/kvoptions.sty
Package: kvoptions 2011/06/30 v3.11 Key value format for package options (HO)

(/usr/local/texlive/2015/texmf-dist/tex/generic/oberdiek/kvsetkeys.sty
Package: kvsetkeys 2012/04/25 v1.16 Key value parser (HO)

(/usr/local/texlive/2015/texmf-dist/tex/generic/oberdiek/etexcmds.sty
Package: etexcmds 2011/02/16 v1.5 Avoid name clashes with e-TeX commands (HO)
Package etexcmds Info: Could not find \expanded.
(etexcmds)             That can mean that you are not using pdfTeX 1.50 or
(etexcmds)             that some package has redefined \expanded.
(etexcmds)             In the latter case, load this package earlier.
)))
Package grfext Info: Graphics extension search list:
(grfext)             [.png,.pdf,.jpg,.mps,.jpeg,.jbig2,.jb2,.PNG,.PDF,.JPG,.JPE
G,.JBIG2,.JB2,.eps]
(grfext)             \AppendGraphicsExtensions on input line 452.

(/usr/local/texlive/2015/texmf-dist/tex/latex/latexconfig/epstopdf-sys.cfg
File: epstopdf-sys.cfg 2010/07/13 v1.3 Configuration of (r)epstopdf for TeX Liv
e
))
LaTeX Font Info:    Try loading font information for OMS+cmr on input line 45.

(/usr/local/texlive/2015/texmf-dist/tex/latex/base/omscmr.fd
File: omscmr.fd 2014/09/29 v2.5h Standard LaTeX font definitions
)
LaTeX Font Info:    Font shape `OMS/cmr/m/n' in size <10> not available
(Font)              Font shape `OMS/cmsy/m/n' tried instead on input line 45.
LaTeX Font Info:    Font shape `OMS/cmr/m/n' in size <7> not available
(Font)              Font shape `OMS/cmsy/m/n' tried instead on input line 45.
 [1
Non-PDF special ignored!

{/usr/local/texlive/2015/texmf-var/fonts/map/pdftex/updmap/pdftex.map}] [2] [3]
 [4]
Underfull \hbox (badness 10000) in paragraph at lines 150--150

 []

[5]
Missing character: There is no â in font cmr12!
Missing character: There is no € in font cmr12!
Missing character: There is no ™ in font cmr12!
 [6] [7]
Missing character: There is no â in font cmr12!
Missing character: There is no € in font cmr12!
Missing character: There is no ™ in font cmr12!
 [8] <plots_paper/triad.png, id=48, 1015.795pt x 209.78375pt>
File: plots_paper/triad.png Graphic file (type png)

<use plots_paper/triad.png>
Package pdftex.def Info: plots_paper/triad.png used on input line 233.
(pdftex.def)             Requested size: 254.2499pt x 52.50662pt.
 [9] [10 <./plots_paper/triad.png>]
<plots_paper/PPEplot-1.png, id=57, 2264.46pt x 1243.64626pt>
File: plots_paper/PPEplot-1.png Graphic file (type png)

<use plots_paper/PPEplot-1.png>
Package pdftex.def Info: plots_paper/PPEplot-1.png used on input line 297.
(pdftex.def)             Requested size: 462.26999pt x 253.86746pt.
 [11] [12]
<plots_paper/outdegreenew-1.png, id=64, 2275.50125pt x 1254.6875pt>
File: plots_paper/outdegreenew-1.png Graphic file (type png)

<use plots_paper/outdegreenew-1.png>
Package pdftex.def Info: plots_paper/outdegreenew-1.png used on input line 326.

(pdftex.def)             Requested size: 228.82138pt x 126.16531pt.

<plots_paper/indegreenew-1.png, id=65, 2264.46pt x 1256.695pt>
File: plots_paper/indegreenew-1.png Graphic file (type png)

<use plots_paper/indegreenew-1.png>
Package pdftex.def Info: plots_paper/indegreenew-1.png used on input line 327.
(pdftex.def)             Requested size: 228.82138pt x 126.9808pt.

<plots_paper/recipientsizenew-1.png, id=66, 2264.46pt x 1254.6875pt>
File: plots_paper/recipientsizenew-1.png Graphic file (type png)

<use plots_paper/recipientsizenew-1.png>
Package pdftex.def Info: plots_paper/recipientsizenew-1.png used on input line 
328.
(pdftex.def)             Requested size: 228.82138pt x 126.77795pt.

<plots_paper/timeppnew.pdf, id=67, 505.57161pt x 451.4487pt>
File: plots_paper/timeppnew.pdf Graphic file (type pdf)

<use plots_paper/timeppnew.pdf>
Package pdftex.def Info: plots_paper/timeppnew.pdf used on input line 329.
(pdftex.def)             Requested size: 143.30257pt x 127.96158pt.
 [13 <./plots_paper/PPEplot-1.png>] [14 <./plots_paper/outdegreenew-1.png> <./p
lots_paper/indegreenew-1.png> <./plots_paper/recipientsizenew-1.png> <./plots_p
aper/timeppnew.pdf>]
<plots_paper/best-1.png, id=138, 2264.46pt x 1252.68pt>
File: plots_paper/best-1.png Graphic file (type png)

<use plots_paper/best-1.png>
Package pdftex.def Info: plots_paper/best-1.png used on input line 339.
(pdftex.def)             Requested size: 462.26999pt x 255.71155pt.
 [15]
<plots_paper/etaest-1.png, id=142, 2264.46pt x 1250.6725pt>
File: plots_paper/etaest-1.png Graphic file (type png)

<use plots_paper/etaest-1.png>
Package pdftex.def Info: plots_paper/etaest-1.png used on input line 352.
(pdftex.def)             Requested size: 411.42pt x 227.22963pt.
 [16 <./plots_paper/best-1.png>] [17 <./plots_paper/etaest-1.png>] (./paper.bbl
 [18] [19] [20] [21]) [22]
<plots_paper/outdegree_exp-1.png, id=167, 2264.46pt x 1249.66875pt>
File: plots_paper/outdegree_exp-1.png Graphic file (type png)

<use plots_paper/outdegree_exp-1.png>
Package pdftex.def Info: plots_paper/outdegree_exp-1.png used on input line 437
.
(pdftex.def)             Requested size: 228.82138pt x 126.27084pt.

<plots_paper/indegree_exp-1.png, id=168, 2264.46pt x 1249.66875pt>
File: plots_paper/indegree_exp-1.png Graphic file (type png)

<use plots_paper/indegree_exp-1.png>
Package pdftex.def Info: plots_paper/indegree_exp-1.png used on input line 438.

(pdftex.def)             Requested size: 228.82138pt x 126.27084pt.

<plots_paper/recipientsize_exp-1.png, id=169, 2264.46pt x 1249.66875pt>
File: plots_paper/recipientsize_exp-1.png Graphic file (type png)

<use plots_paper/recipientsize_exp-1.png>
Package pdftex.def Info: plots_paper/recipientsize_exp-1.png used on input line
 439.
(pdftex.def)             Requested size: 228.82138pt x 126.27084pt.

<plots_paper/timepp_exp-1.png, id=170, 1405.25pt x 1405.25pt>
File: plots_paper/timepp_exp-1.png Graphic file (type png)

<use plots_paper/timepp_exp-1.png>
Package pdftex.def Info: plots_paper/timepp_exp-1.png used on input line 440.
(pdftex.def)             Requested size: 143.30257pt x 143.29929pt.
 [23] [24 <./plots_paper/outdegree_exp-1.png> <./plots_paper/indegree_exp-1.png
> <./plots_paper/recipientsize_exp-1.png> <./plots_paper/timepp_exp-1.png>] (./
paper.aux) ) 
Here is how much of TeX's memory you used:
 5070 strings out of 493089
 71913 string characters out of 6134842
 170692 words of memory out of 5000000
 8454 multiletter control sequences out of 15000+600000
 19658 words of font info for 68 fonts, out of 8000000 for 9000
 1141 hyphenation exceptions out of 8191
 38i,16n,24p,2645b,652s stack positions out of 5000i,500n,10000p,200000b,80000s
</usr/local/texlive/2015/texmf-dist/fonts/type1/public/amsfonts/cm/
cmbx10.pfb></usr/local/texlive/2015/texmf-dist/fonts/type1/public/amsfonts/cm/c
mbx12.pfb></usr/local/texlive/2015/texmf-dist/fonts/type1/public/amsfonts/cm/cm
ex10.pfb></usr/local/texlive/2015/texmf-dist/fonts/type1/public/amsfonts/cm/cmm
i10.pfb></usr/local/texlive/2015/texmf-dist/fonts/type1/public/amsfonts/cm/cmmi
12.pfb></usr/local/texlive/2015/texmf-dist/fonts/type1/public/amsfonts/cm/cmmi6
.pfb></usr/local/texlive/2015/texmf-dist/fonts/type1/public/amsfonts/cm/cmmi7.p
fb></usr/local/texlive/2015/texmf-dist/fonts/type1/public/amsfonts/cm/cmmi8.pfb
></usr/local/texlive/2015/texmf-dist/fonts/type1/public/amsfonts/cm/cmmib10.pfb
></usr/local/texlive/2015/texmf-dist/fonts/type1/public/amsfonts/cmextra/cmmib8
.pfb></usr/local/texlive/2015/texmf-dist/fonts/type1/public/amsfonts/cm/cmr10.p
fb></usr/local/texlive/2015/texmf-dist/fonts/type1/public/amsfonts/cm/cmr12.pfb
></usr/local/texlive/2015/texmf-dist/fonts/type1/public/amsfonts/cm/cmr6.pfb></
usr/local/texlive/2015/texmf-dist/fonts/type1/public/amsfonts/cm/cmr7.pfb></usr
/local/texlive/2015/texmf-dist/fonts/type1/public/amsfonts/cm/cmr8.pfb></usr/lo
cal/texlive/2015/texmf-dist/fonts/type1/public/amsfonts/cm/cmsy10.pfb></usr/loc
al/texlive/2015/texmf-dist/fonts/type1/public/amsfonts/cm/cmsy6.pfb></usr/local
/texlive/2015/texmf-dist/fonts/type1/public/amsfonts/cm/cmsy7.pfb></usr/local/t
exlive/2015/texmf-dist/fonts/type1/public/amsfonts/cm/cmsy8.pfb></usr/local/tex
live/2015/texmf-dist/fonts/type1/public/amsfonts/cm/cmti10.pfb></usr/local/texl
ive/2015/texmf-dist/fonts/type1/public/amsfonts/cm/cmti12.pfb>
Output written on paper.pdf (24 pages, 2516782 bytes).
PDF statistics:
 249 PDF objects out of 1000 (max. 8388607)
 164 compressed objects within 2 object streams
 0 named destinations out of 1000 (max. 500000)
 61 words of extra memory for PDF output out of 10000 (max. 10000000)

